[191月2024 00:24:04.008] [User Authenticator #3/INFO] [net.minecraft.server.network.ServerLoginPacketListenerImpl/]: UUID of player coldwater1020 is abdd3149-7c93-422e-90e2-42472a7fb55a
[191月2024 00:24:07.645] [Server thread/INFO] [net.minecraft.server.players.PlayerList/]: coldwater1020[/26.123.86.109:61253] logged in with entity id 24993 at (467.30000001192093, 68.5, -2356.653807293079)
[191月2024 00:24:07.647] [Server thread/INFO] [ModdingLegacy/blue_skies/]: Sending ToolHandleTypeManager to coldwater1020
[191月2024 00:24:07.647] [Server thread/INFO] [ModdingLegacy/blue_skies/]: Sending SnowcapOvenFreezingManager to coldwater1020
[191月2024 00:24:07.648] [Server thread/INFO] [ModdingLegacy/blue_skies/]: Sending HorizoniteForgeFuelManager to coldwater1020
[191月2024 00:24:07.648] [Server thread/INFO] [ModdingLegacy/blue_skies/]: Sending AlchemyRecipeManager to coldwater1020
[191月2024 00:24:07.649] [Server thread/INFO] [ModdingLegacy/blue_skies/]: Sending JournalEntryManager to coldwater1020
[191月2024 00:24:07.649] [Server thread/INFO] [ModdingLegacy/blue_skies/]: Sending JournalSectionManager to coldwater1020
[191月2024 00:24:07.650] [Server thread/INFO] [ModdingLegacy/blue_skies/]: Sending JournalRequirementManager to coldwater1020
[191月2024 00:24:07.662] [Server thread/INFO] [net.minecraft.server.MinecraftServer/]: coldwater1020 joined the game
[191月2024 00:24:07.671] [Server thread/INFO] [xaero.pac.OpenPartiesAndClaims/]: Updating all forceload tickets for abdd3149-7c93-422e-90e2-42472a7fb55a
[191月2024 00:24:07.955] [Server thread/INFO] [Jade/]: Syncing config to coldwater1020 (abdd3149-7c93-422e-90e2-42472a7fb55a)
[191月2024 00:24:10.184] [Server thread/INFO] [ping-wheel/]: [Ping-Wheel] Channel update: coldwater1020 -> Global
[191月2024 00:27:27.984] [Server thread/INFO] [net.minecraft.server.network.ServerGamePacketListenerImpl/]: coldwater1020 lost connection: Disconnected
[191月2024 00:27:27.984] [Server thread/INFO] [net.minecraft.server.MinecraftServer/]: coldwater1020 left the game
[191月2024 00:27:27.985] [Server thread/INFO] [xaero.pac.OpenPartiesAndClaims/]: Updating all forceload tickets for abdd3149-7c93-422e-90e2-42472a7fb55a
[191月2024 00:43:01.498] [User Authenticator #4/INFO] [net.minecraft.server.network.ServerLoginPacketListenerImpl/]: UUID of player Fqdeeee is 328fb042-0797-43c0-be49-3c6b46f5b165
[191月2024 00:43:04.192] [Server thread/INFO] [net.minecraft.server.players.PlayerList/]: Fqdeeee[/26.110.90.30:58309] logged in with entity id 25991 at (1688.0409935520386, 67.0, 1514.7175708885538)
[191月2024 00:43:04.194] [Server thread/INFO] [ModdingLegacy/blue_skies/]: Sending ToolHandleTypeManager to Fqdeeee
[191月2024 00:43:04.194] [Server thread/INFO] [ModdingLegacy/blue_skies/]: Sending SnowcapOvenFreezingManager to Fqdeeee
[191月2024 00:43:04.194] [Server thread/INFO] [ModdingLegacy/blue_skies/]: Sending HorizoniteForgeFuelManager to Fqdeeee
[191月2024 00:43:04.195] [Server thread/INFO] [ModdingLegacy/blue_skies/]: Sending AlchemyRecipeManager to Fqdeeee
[191月2024 00:43:04.195] [Server thread/INFO] [ModdingLegacy/blue_skies/]: Sending JournalEntryManager to Fqdeeee
[191月2024 00:43:04.196] [Server thread/INFO] [ModdingLegacy/blue_skies/]: Sending JournalSectionManager to Fqdeeee
[191月2024 00:43:04.196] [Server thread/INFO] [ModdingLegacy/blue_skies/]: Sending JournalRequirementManager to Fqdeeee
[191月2024 00:43:04.210] [Server thread/INFO] [net.minecraft.server.MinecraftServer/]: Fqdeeee joined the game
[191月2024 00:43:04.222] [Server thread/INFO] [xaero.pac.OpenPartiesAndClaims/]: Updating all forceload tickets for 328fb042-0797-43c0-be49-3c6b46f5b165
[191月2024 00:43:04.499] [Server thread/INFO] [Jade/]: Syncing config to Fqdeeee (328fb042-0797-43c0-be49-3c6b46f5b165)
[191月2024 00:43:05.358] [Server thread/INFO] [ping-wheel/]: [Ping-Wheel] Channel update: Fqdeeee -> Global
[191月2024 00:43:21.600] [Server thread/INFO] [com.lothrazar.storagenetwork.StorageNetworkMod/]: Chunk not loadedBlockPos{x=371, y=71, z=-2355}
[191月2024 00:43:21.944] [Server thread/INFO] [com.lothrazar.storagenetwork.StorageNetworkMod/]: Chunk not loadedBlockPos{x=371, y=71, z=-2355}
[191月2024 00:43:22.146] [Server thread/INFO] [com.lothrazar.storagenetwork.StorageNetworkMod/]: Chunk not loadedBlockPos{x=371, y=71, z=-2355}
[191月2024 00:46:14.494] [Server thread/INFO] [com.lothrazar.storagenetwork.StorageNetworkMod/]: Chunk not loadedBlockPos{x=371, y=71, z=-2355}
[191月2024 00:46:14.692] [Server thread/INFO] [com.lothrazar.storagenetwork.StorageNetworkMod/]: Chunk not loadedBlockPos{x=371, y=71, z=-2355}
[191月2024 00:46:14.843] [Server thread/INFO] [com.lothrazar.storagenetwork.StorageNetworkMod/]: Chunk not loadedBlockPos{x=371, y=71, z=-2355}
[191月2024 00:46:16.291] [Server thread/INFO] [com.lothrazar.storagenetwork.StorageNetworkMod/]: Chunk not loadedBlockPos{x=371, y=71, z=-2355}
[191月2024 00:46:16.541] [Server thread/INFO] [com.lothrazar.storagenetwork.StorageNetworkMod/]: Chunk not loadedBlockPos{x=371, y=71, z=-2355}
[191月2024 00:46:16.744] [Server thread/INFO] [com.lothrazar.storagenetwork.StorageNetworkMod/]: Chunk not loadedBlockPos{x=371, y=71, z=-2355}
[191月2024 00:46:17.444] [Server thread/INFO] [com.lothrazar.storagenetwork.StorageNetworkMod/]: Chunk not loadedBlockPos{x=371, y=71, z=-2355}
[191月2024 00:46:17.639] [Server thread/INFO] [com.lothrazar.storagenetwork.StorageNetworkMod/]: Chunk not loadedBlockPos{x=371, y=71, z=-2355}
[191月2024 00:46:17.792] [Server thread/INFO] [com.lothrazar.storagenetwork.StorageNetworkMod/]: Chunk not loadedBlockPos{x=371, y=71, z=-2355}
[191月2024 00:46:17.941] [Server thread/INFO] [com.lothrazar.storagenetwork.StorageNetworkMod/]: Chunk not loadedBlockPos{x=371, y=71, z=-2355}
[191月2024 00:47:17.443] [Server thread/INFO] [com.lothrazar.storagenetwork.StorageNetworkMod/]: Chunk not loadedBlockPos{x=371, y=71, z=-2355}
[191月2024 00:47:17.840] [Server thread/INFO] [com.lothrazar.storagenetwork.StorageNetworkMod/]: Chunk not loadedBlockPos{x=371, y=71, z=-2355}
[191月2024 00:47:18.041] [Server thread/INFO] [com.lothrazar.storagenetwork.StorageNetworkMod/]: Chunk not loadedBlockPos{x=371, y=71, z=-2355}
[191月2024 00:53:36.586] [User Authenticator #5/INFO] [net.minecraft.server.network.ServerLoginPacketListenerImpl/]: UUID of player chris58530 is 7dd8d4d4-962b-4ff9-94a7-b7c29486df5c
[191月2024 00:53:40.305] [Server thread/INFO] [net.minecraft.server.players.PlayerList/]: chris58530[/26.43.86.185:50296] logged in with entity id 28301 at (379.4521126693839, 67.0625, -2397.2930454110356)
[191月2024 00:53:40.306] [Server thread/INFO] [ModdingLegacy/blue_skies/]: Sending ToolHandleTypeManager to chris58530
[191月2024 00:53:40.306] [Server thread/INFO] [ModdingLegacy/blue_skies/]: Sending SnowcapOvenFreezingManager to chris58530
[191月2024 00:53:40.307] [Server thread/INFO] [ModdingLegacy/blue_skies/]: Sending HorizoniteForgeFuelManager to chris58530
[191月2024 00:53:40.307] [Server thread/INFO] [ModdingLegacy/blue_skies/]: Sending AlchemyRecipeManager to chris58530
[191月2024 00:53:40.308] [Server thread/INFO] [ModdingLegacy/blue_skies/]: Sending JournalEntryManager to chris58530
[191月2024 00:53:40.309] [Server thread/INFO] [ModdingLegacy/blue_skies/]: Sending JournalSectionManager to chris58530
[191月2024 00:53:40.309] [Server thread/INFO] [ModdingLegacy/blue_skies/]: Sending JournalRequirementManager to chris58530
[191月2024 00:53:40.321] [Server thread/INFO] [net.minecraft.server.MinecraftServer/]: chris58530 joined the game
[191月2024 00:53:40.359] [Server thread/INFO] [xaero.pac.OpenPartiesAndClaims/]: Updating all forceload tickets for 7dd8d4d4-962b-4ff9-94a7-b7c29486df5c
[191月2024 00:53:40.642] [Server thread/INFO] [Jade/]: Syncing config to chris58530 (7dd8d4d4-962b-4ff9-94a7-b7c29486df5c)
[191月2024 00:53:43.003] [Server thread/INFO] [ping-wheel/]: [Ping-Wheel] Channel update: chris58530 -> Global
[191月2024 00:53:52.695] [Server thread/INFO] [net.minecraft.server.MinecraftServer/]: <Fqdeeee> who are you?
[191月2024 00:53:55.555] [Server thread/INFO] [net.minecraft.server.MinecraftServer/]: <Fqdeeee> wei?
[191月2024 00:54:06.734] [Server thread/INFO] [net.minecraft.server.MinecraftServer/]: <chris58530> y
[191月2024 00:54:10.355] [Server thread/INFO] [net.minecraft.server.MinecraftServer/]: <Fqdeeee> hi
[191月2024 00:54:12.503] [Server thread/INFO] [net.minecraft.server.MinecraftServer/]: <chris58530> why u ask that
[191月2024 00:54:27.915] [Server thread/INFO] [net.minecraft.server.MinecraftServer/]: <Fqdeeee> cold water told me that there have 2 chris
[191月2024 00:54:42.799] [Server thread/INFO] [net.minecraft.server.MinecraftServer/]: <Fqdeeee> one is you and another is another
[191月2024 00:55:00.765] [Server thread/INFO] [net.minecraft.server.MinecraftServer/]: <chris58530> another wont show up if im not online
[191月2024 00:55:26.635] [Server thread/INFO] [net.minecraft.server.MinecraftServer/]: <chris58530> u see my chest?
[191月2024 00:55:38.767] [Server thread/INFO] [net.minecraft.server.MinecraftServer/]: <chris58530> chestplate
[191月2024 00:55:51.167] [Server thread/INFO] [net.minecraft.server.MinecraftServer/]: <Fqdeeee> i dont know
[191月2024 00:55:58.686] [Server thread/INFO] [net.minecraft.server.MinecraftServer/]: <Fqdeeee> never step into your house
[191月2024 00:56:08.070] [Server thread/INFO] [net.minecraft.server.MinecraftServer/]: <chris58530> i mean
[191月2024 00:56:17.150] [Server thread/INFO] [net.minecraft.server.MinecraftServer/]: <chris58530> i have cool chestplate
[191月2024 00:56:23.605] [Server thread/INFO] [net.minecraft.server.MinecraftServer/]: <Fqdeeee> oh
[191月2024 00:56:24.833] [Server thread/INFO] [net.minecraft.server.MinecraftServer/]: <Fqdeeee> my bad
[191月2024 00:56:27.867] [Server thread/INFO] [net.minecraft.server.MinecraftServer/]: <Fqdeeee> where
[191月2024 00:56:34.495] [Server thread/INFO] [net.minecraft.server.MinecraftServer/]: <Fqdeeee> yo
[191月2024 00:56:51.263] [Server thread/INFO] [net.minecraft.server.MinecraftServer/]: <chris58530> why i cnat see u
[191月2024 00:56:53.034] [Server thread/INFO] [net.minecraft.server.MinecraftServer/]: <Fqdeeee> that shit look insane
[191月2024 00:56:57.055] [Server thread/INFO] [net.minecraft.server.MinecraftServer/]: <Fqdeeee> what
[191月2024 00:57:03.732] [Server thread/INFO] [net.minecraft.server.MinecraftServer/]: <chris58530> take a look
[191月2024 00:57:10.584] [Server thread/INFO] [net.minecraft.server.MinecraftServer/]: <Fqdeeee> i see
[191月2024 00:57:15.208] [Server thread/INFO] [net.minecraft.server.MinecraftServer/]: <Fqdeeee> how can you get this?
[191月2024 00:57:22.163] [Server thread/INFO] [net.minecraft.server.MinecraftServer/]: <chris58530> is that potions effect?
[191月2024 00:57:28.088] [Server thread/INFO] [net.minecraft.server.MinecraftServer/]: <chris58530> boss fight
[191月2024 00:57:32.033] [Server thread/INFO] [net.minecraft.server.MinecraftServer/]: <chris58530> form nether
[191月2024 00:57:37.540] [Server thread/INFO] [net.minecraft.server.MinecraftServer/]: <Fqdeeee> probably
[191月2024 00:58:08.560] [Server thread/INFO] [net.minecraft.server.MinecraftServer/]: <chris58530> youre invisible
[191月2024 00:58:09.470] [Server thread/INFO] [net.minecraft.server.MinecraftServer/]: <chris58530> shit
[191月2024 00:58:26.566] [Server thread/INFO] [net.minecraft.server.MinecraftServer/]: <Fqdeeee> haha that's fine i think
[191月2024 01:10:25.451] [Server thread/INFO] [net.minecraft.server.MinecraftServer/]: <Fqdeeee> BRB
[191月2024 01:10:28.337] [Server thread/INFO] [net.minecraft.server.network.ServerGamePacketListenerImpl/]: Fqdeeee lost connection: Disconnected
[191月2024 01:10:28.337] [Server thread/INFO] [net.minecraft.server.MinecraftServer/]: Fqdeeee left the game
[191月2024 01:10:28.337] [Server thread/INFO] [xaero.pac.OpenPartiesAndClaims/]: Updating all forceload tickets for 328fb042-0797-43c0-be49-3c6b46f5b165
[191月2024 01:11:29.686] [Server thread/INFO] [net.minecraft.server.network.ServerGamePacketListenerImpl/]: chris58530 lost connection: Disconnected
[191月2024 01:11:29.686] [Server thread/INFO] [net.minecraft.server.MinecraftServer/]: chris58530 left the game
[191月2024 01:11:29.687] [Server thread/INFO] [xaero.pac.OpenPartiesAndClaims/]: Updating all forceload tickets for 7dd8d4d4-962b-4ff9-94a7-b7c29486df5c
[191月2024 01:12:50.083] [User Authenticator #6/INFO] [net.minecraft.server.network.ServerLoginPacketListenerImpl/]: UUID of player Fqdeeee is 328fb042-0797-43c0-be49-3c6b46f5b165
[191月2024 01:12:52.788] [Server thread/INFO] [net.minecraft.server.players.PlayerList/]: Fqdeeee[/26.110.90.30:58711] logged in with entity id 31433 at (357.9992254285475, 63.0, -2342.6395441268724)
[191月2024 01:12:52.790] [Server thread/INFO] [ModdingLegacy/blue_skies/]: Sending ToolHandleTypeManager to Fqdeeee
[191月2024 01:12:52.790] [Server thread/INFO] [ModdingLegacy/blue_skies/]: Sending SnowcapOvenFreezingManager to Fqdeeee
[191月2024 01:12:52.791] [Server thread/INFO] [ModdingLegacy/blue_skies/]: Sending HorizoniteForgeFuelManager to Fqdeeee
[191月2024 01:12:52.791] [Server thread/INFO] [ModdingLegacy/blue_skies/]: Sending AlchemyRecipeManager to Fqdeeee
[191月2024 01:12:52.792] [Server thread/INFO] [ModdingLegacy/blue_skies/]: Sending JournalEntryManager to Fqdeeee
[191月2024 01:12:52.793] [Server thread/INFO] [ModdingLegacy/blue_skies/]: Sending JournalSectionManager to Fqdeeee
[191月2024 01:12:52.793] [Server thread/INFO] [ModdingLegacy/blue_skies/]: Sending JournalRequirementManager to Fqdeeee
[191月2024 01:12:52.804] [Server thread/INFO] [net.minecraft.server.MinecraftServer/]: Fqdeeee joined the game
[191月2024 01:12:52.815] [Server thread/INFO] [xaero.pac.OpenPartiesAndClaims/]: Updating all forceload tickets for 328fb042-0797-43c0-be49-3c6b46f5b165
[191月2024 01:12:53.052] [Server thread/INFO] [Jade/]: Syncing config to Fqdeeee (328fb042-0797-43c0-be49-3c6b46f5b165)
[191月2024 01:12:53.053] [Server thread/INFO] [ping-wheel/]: [Ping-Wheel] Channel update: Fqdeeee -> Global
[191月2024 01:25:52.532] [Server thread/INFO] [net.minecraft.server.network.ServerGamePacketListenerImpl/]: Fqdeeee lost connection: Disconnected
[191月2024 01:25:52.533] [Server thread/INFO] [net.minecraft.server.MinecraftServer/]: Fqdeeee left the game
[191月2024 01:25:52.533] [Server thread/INFO] [xaero.pac.OpenPartiesAndClaims/]: Updating all forceload tickets for 328fb042-0797-43c0-be49-3c6b46f5b165
[191月2024 01:30:28.979] [User Authenticator #7/INFO] [net.minecraft.server.network.ServerLoginPacketListenerImpl/]: UUID of player Fqdeeee is 328fb042-0797-43c0-be49-3c6b46f5b165
[191月2024 01:30:31.689] [Server thread/INFO] [net.minecraft.server.players.PlayerList/]: Fqdeeee[/26.110.90.30:58937] logged in with entity id 33856 at (355.1873660403279, 63.0, -2342.8719410351896)
[191月2024 01:30:31.690] [Server thread/INFO] [ModdingLegacy/blue_skies/]: Sending ToolHandleTypeManager to Fqdeeee
[191月2024 01:30:31.691] [Server thread/INFO] [ModdingLegacy/blue_skies/]: Sending SnowcapOvenFreezingManager to Fqdeeee
[191月2024 01:30:31.691] [Server thread/INFO] [ModdingLegacy/blue_skies/]: Sending HorizoniteForgeFuelManager to Fqdeeee
[191月2024 01:30:31.691] [Server thread/INFO] [ModdingLegacy/blue_skies/]: Sending AlchemyRecipeManager to Fqdeeee
[191月2024 01:30:31.692] [Server thread/INFO] [ModdingLegacy/blue_skies/]: Sending JournalEntryManager to Fqdeeee
[191月2024 01:30:31.693] [Server thread/INFO] [ModdingLegacy/blue_skies/]: Sending JournalSectionManager to Fqdeeee
[191月2024 01:30:31.693] [Server thread/INFO] [ModdingLegacy/blue_skies/]: Sending JournalRequirementManager to Fqdeeee
[191月2024 01:30:31.703] [Server thread/INFO] [net.minecraft.server.MinecraftServer/]: Fqdeeee joined the game
[191月2024 01:30:31.716] [Server thread/INFO] [xaero.pac.OpenPartiesAndClaims/]: Updating all forceload tickets for 328fb042-0797-43c0-be49-3c6b46f5b165
[191月2024 01:30:31.954] [Server thread/INFO] [Jade/]: Syncing config to Fqdeeee (328fb042-0797-43c0-be49-3c6b46f5b165)
[191月2024 01:30:31.955] [Server thread/INFO] [ping-wheel/]: [Ping-Wheel] Channel update: Fqdeeee -> Global
[191月2024 01:45:51.233] [Server thread/INFO] [net.minecraft.server.network.ServerGamePacketListenerImpl/]: Fqdeeee lost connection: Disconnected
[191月2024 01:45:51.233] [Server thread/INFO] [net.minecraft.server.MinecraftServer/]: Fqdeeee left the game
[191月2024 01:45:51.234] [Server thread/INFO] [xaero.pac.OpenPartiesAndClaims/]: Updating all forceload tickets for 328fb042-0797-43c0-be49-3c6b46f5b165
[191月2024 02:45:39.002] [Modding Legacy/blue_skies/Supporters thread/INFO] [ModdingLegacy/blue_skies/Supporter/]: Attempting to load the Modding Legacy supporters list from https://moddinglegacy.com/supporters-changelogs/supporters.txt
[191月2024 02:45:39.626] [Modding Legacy/blue_skies/Supporters thread/INFO] [ModdingLegacy/blue_skies/Supporter/]: Successfully loaded the Modding Legacy supporters list.
[191月2024 02:47:22.030] [User Authenticator #8/INFO] [net.minecraft.server.network.ServerLoginPacketListenerImpl/]: UUID of player Fqdeeee is 328fb042-0797-43c0-be49-3c6b46f5b165
[191月2024 02:47:24.739] [Server thread/INFO] [net.minecraft.server.players.PlayerList/]: Fqdeeee[/26.110.90.30:63813] logged in with entity id 36560 at (356.04623900410206, 63.0, -2341.7161953366576)
[191月2024 02:47:24.741] [Server thread/INFO] [ModdingLegacy/blue_skies/]: Sending ToolHandleTypeManager to Fqdeeee
[191月2024 02:47:24.741] [Server thread/INFO] [ModdingLegacy/blue_skies/]: Sending SnowcapOvenFreezingManager to Fqdeeee
[191月2024 02:47:24.741] [Server thread/INFO] [ModdingLegacy/blue_skies/]: Sending HorizoniteForgeFuelManager to Fqdeeee
[191月2024 02:47:24.742] [Server thread/INFO] [ModdingLegacy/blue_skies/]: Sending AlchemyRecipeManager to Fqdeeee
[191月2024 02:47:24.742] [Server thread/INFO] [ModdingLegacy/blue_skies/]: Sending JournalEntryManager to Fqdeeee
[191月2024 02:47:24.743] [Server thread/INFO] [ModdingLegacy/blue_skies/]: Sending JournalSectionManager to Fqdeeee
[191月2024 02:47:24.743] [Server thread/INFO] [ModdingLegacy/blue_skies/]: Sending JournalRequirementManager to Fqdeeee
[191月2024 02:47:24.754] [Server thread/INFO] [net.minecraft.server.MinecraftServer/]: Fqdeeee joined the game
[191月2024 02:47:24.766] [Server thread/INFO] [xaero.pac.OpenPartiesAndClaims/]: Updating all forceload tickets for 328fb042-0797-43c0-be49-3c6b46f5b165
[191月2024 02:47:25.050] [Server thread/INFO] [Jade/]: Syncing config to Fqdeeee (328fb042-0797-43c0-be49-3c6b46f5b165)
[191月2024 02:47:25.373] [Server thread/INFO] [ping-wheel/]: [Ping-Wheel] Channel update: Fqdeeee -> Global
[191月2024 03:48:26.606] [Server thread/WARN] [net.minecraft.server.level.ServerPlayerGameMode/]: Mismatch in destroy block pos: BlockPos{x=371, y=85, z=-2350} BlockPos{x=370, y=89, z=-2349}
[191月2024 04:32:12.184] [Server thread/INFO] [net.minecraft.server.network.ServerGamePacketListenerImpl/]: Fqdeeee lost connection: Disconnected
[191月2024 04:32:12.185] [Server thread/INFO] [net.minecraft.server.MinecraftServer/]: Fqdeeee left the game
[191月2024 04:32:12.185] [Server thread/INFO] [xaero.pac.OpenPartiesAndClaims/]: Updating all forceload tickets for 328fb042-0797-43c0-be49-3c6b46f5b165
[191月2024 14:43:11.493] [User Authenticator #9/INFO] [net.minecraft.server.network.ServerLoginPacketListenerImpl/]: UUID of player chris58530 is 7dd8d4d4-962b-4ff9-94a7-b7c29486df5c
[191月2024 14:43:29.442] [Server thread/INFO] [net.minecraft.server.players.PlayerList/]: chris58530[/26.43.86.185:55542] logged in with entity id 53014 at (451.9863496810237, 72.0, -2360.4254884843085)
[191月2024 14:43:29.443] [Server thread/INFO] [ModdingLegacy/blue_skies/]: Sending ToolHandleTypeManager to chris58530
[191月2024 14:43:29.443] [Server thread/INFO] [ModdingLegacy/blue_skies/]: Sending SnowcapOvenFreezingManager to chris58530
[191月2024 14:43:29.444] [Server thread/INFO] [ModdingLegacy/blue_skies/]: Sending HorizoniteForgeFuelManager to chris58530
[191月2024 14:43:29.444] [Server thread/INFO] [ModdingLegacy/blue_skies/]: Sending AlchemyRecipeManager to chris58530
[191月2024 14:43:29.445] [Server thread/INFO] [ModdingLegacy/blue_skies/]: Sending JournalEntryManager to chris58530
[191月2024 14:43:29.446] [Server thread/INFO] [ModdingLegacy/blue_skies/]: Sending JournalSectionManager to chris58530
[191月2024 14:43:29.446] [Server thread/INFO] [ModdingLegacy/blue_skies/]: Sending JournalRequirementManager to chris58530
[191月2024 14:43:29.457] [Server thread/INFO] [net.minecraft.server.MinecraftServer/]: chris58530 joined the game
[191月2024 14:43:29.465] [Server thread/INFO] [xaero.pac.OpenPartiesAndClaims/]: Updating all forceload tickets for 7dd8d4d4-962b-4ff9-94a7-b7c29486df5c
[191月2024 14:43:30.035] [Server thread/INFO] [Jade/]: Syncing config to chris58530 (7dd8d4d4-962b-4ff9-94a7-b7c29486df5c)
[191月2024 14:43:30.804] [Server thread/INFO] [ping-wheel/]: [Ping-Wheel] Channel update: chris58530 -> Global
[191月2024 14:51:54.290] [User Authenticator #10/INFO] [net.minecraft.server.network.ServerLoginPacketListenerImpl/]: UUID of player coldwater1020 is abdd3149-7c93-422e-90e2-42472a7fb55a
[191月2024 14:52:00.954] [Server thread/INFO] [net.minecraft.server.players.PlayerList/]: coldwater1020[/26.123.86.109:50599] logged in with entity id 55560 at (446.2360162127988, 75.0, -2406.781719893679)
[191月2024 14:52:00.956] [Server thread/INFO] [ModdingLegacy/blue_skies/]: Sending ToolHandleTypeManager to coldwater1020
[191月2024 14:52:00.956] [Server thread/INFO] [ModdingLegacy/blue_skies/]: Sending SnowcapOvenFreezingManager to coldwater1020
[191月2024 14:52:00.957] [Server thread/INFO] [ModdingLegacy/blue_skies/]: Sending HorizoniteForgeFuelManager to coldwater1020
[191月2024 14:52:00.957] [Server thread/INFO] [ModdingLegacy/blue_skies/]: Sending AlchemyRecipeManager to coldwater1020
[191月2024 14:52:00.958] [Server thread/INFO] [ModdingLegacy/blue_skies/]: Sending JournalEntryManager to coldwater1020
[191月2024 14:52:00.958] [Server thread/INFO] [ModdingLegacy/blue_skies/]: Sending JournalSectionManager to coldwater1020
[191月2024 14:52:00.958] [Server thread/INFO] [ModdingLegacy/blue_skies/]: Sending JournalRequirementManager to coldwater1020
[191月2024 14:52:00.969] [Server thread/INFO] [net.minecraft.server.MinecraftServer/]: coldwater1020 joined the game
[191月2024 14:52:00.998] [Server thread/INFO] [xaero.pac.OpenPartiesAndClaims/]: Updating all forceload tickets for abdd3149-7c93-422e-90e2-42472a7fb55a
[191月2024 14:52:01.346] [Server thread/INFO] [Jade/]: Syncing config to coldwater1020 (abdd3149-7c93-422e-90e2-42472a7fb55a)
[191月2024 14:52:02.585] [Server thread/INFO] [ping-wheel/]: [Ping-Wheel] Channel update: coldwater1020 -> Global
[191月2024 15:19:01.440] [Server thread/INFO] [net.minecraft.server.MinecraftServer/]: chris58530 has made the advancement [The City at the End of the Game]
[191月2024 15:30:18.588] [Server thread/INFO] [net.minecraft.server.MinecraftServer/]: chris58530 has completed the challenge [Great View From Up Here]
[191月2024 15:46:27.142] [Server thread/INFO] [net.minecraft.server.MinecraftServer/]: chris58530 has reached the goal [A Noble Sacrifice]
[191月2024 15:46:34.039] [Server thread/INFO] [net.minecraft.server.MinecraftServer/]: chris58530 has reached the goal [Volcanic Glass]
[191月2024 15:57:26.244] [Worker-Main-935/WARN] [net.minecraft.server.level.WorldGenRegion/]: Tried to access a block entity before it was created. MutableBlockPos{x=-2757, y=26, z=519}
[191月2024 16:15:25.940] [Server thread/ERROR] [net.minecraftforge.fml.loading.RuntimeDistCleaner/DISTXFORM]: Attempted to load class net/minecraft/client/multiplayer/PlayerInfo for invalid dist DEDICATED_SERVER
[191月2024 16:15:25.941] [Server thread/WARN] [Radium Class Analysis/]: Radium Class Analysis Error: Class com.faboslav.friendsandfoes.entity.PlayerIllusionEntity cannot be analysed, because getting declared methods crashes with RuntimeException: Attempted to load class net/minecraft/client/multiplayer/PlayerInfo for invalid dist DEDICATED_SERVER. This is usually caused by modded entities declaring methods that have a return type or parameter type that is annotated with @OnlyIn(Dist.CLIENT). Loading the type is not possible, because it only exists in the CLIENT environment. The recommended fix is to annotate the method with this argument or return type with the same annotation. Lithium handles this error by assuming the class cannot be included in some optimizations.
[191月2024 16:15:25.942] [Server thread/ERROR] [net.minecraftforge.fml.loading.RuntimeDistCleaner/DISTXFORM]: Attempted to load class net/minecraft/client/multiplayer/PlayerInfo for invalid dist DEDICATED_SERVER
[191月2024 16:15:25.942] [Server thread/WARN] [Radium Class Analysis/]: Radium Class Analysis Error: Class com.faboslav.friendsandfoes.entity.PlayerIllusionEntity cannot be analysed, because getting declared methods crashes with RuntimeException: Attempted to load class net/minecraft/client/multiplayer/PlayerInfo for invalid dist DEDICATED_SERVER. This is usually caused by modded entities declaring methods that have a return type or parameter type that is annotated with @OnlyIn(Dist.CLIENT). Loading the type is not possible, because it only exists in the CLIENT environment. The recommended fix is to annotate the method with this argument or return type with the same annotation. Lithium handles this error by assuming the class cannot be included in some optimizations.
[191月2024 16:36:14.646] [Server thread/ERROR] [com.lothrazar.storagenetwork.StorageNetworkMod/]: Exception saving filter slot 
[191月2024 16:56:01.988] [Server thread/INFO] [net.minecraft.server.MinecraftServer/]: chris58530 has made the advancement [Glowing Green Rocks]
[191月2024 16:58:31.893] [Server thread/WARN] [net.minecraft.server.network.ServerGamePacketListenerImpl/]: chris58530 moved wrongly!
[191月2024 16:58:34.693] [Server thread/WARN] [net.minecraft.server.network.ServerGamePacketListenerImpl/]: chris58530 moved wrongly!
[191月2024 17:19:43.519] [Server thread/INFO] [net.minecraft.server.MinecraftServer/]: coldwater1020 has made the advancement [Glowing Green Rocks]
[191月2024 17:27:59.857] [Worker-Main-924/WARN] [net.minecraft.server.level.WorldGenRegion/]: Tried to access a block entity before it was created. MutableBlockPos{x=-3265, y=43, z=3945}
[191月2024 17:29:49.736] [Server thread/INFO] [net.minecraft.world.entity.npc.Villager/]: Villager Villager['Albert'/53376, l='ServerLevel[world]', x=487.78, y=62.75, z=-2456.51] died, message: 'Albert was slain by Zombie'
[191月2024 17:29:49.737] [Server thread/INFO] [net.minecraft.world.entity.LivingEntity/]: Named entity Villager['Albert'/53376, l='ServerLevel[world]', x=487.78, y=62.75, z=-2456.51] died: Albert was slain by Zombie
[191月2024 17:29:58.981] [Server thread/INFO] [net.minecraft.world.entity.npc.Villager/]: Villager Villager['Efren'/82757, l='ServerLevel[world]', x=496.69, y=64.00, z=-2453.99] died, message: 'Efren was slain by Zombie'
[191月2024 17:29:58.981] [Server thread/INFO] [net.minecraft.world.entity.LivingEntity/]: Named entity Villager['Efren'/82757, l='ServerLevel[world]', x=496.69, y=64.00, z=-2453.99] died: Efren was slain by Zombie
[191月2024 17:30:09.233] [Server thread/INFO] [net.minecraft.world.entity.npc.Villager/]: Villager Villager['Taylor'/53252, l='ServerLevel[world]', x=505.52, y=63.00, z=-2441.56] died, message: 'Taylor was slain by Efren'
[191月2024 17:30:09.234] [Server thread/INFO] [net.minecraft.world.entity.LivingEntity/]: Named entity Villager['Taylor'/53252, l='ServerLevel[world]', x=505.52, y=63.00, z=-2441.56] died: Taylor was slain by Efren
[191月2024 17:47:42.440] [Server thread/INFO] [net.minecraft.server.MinecraftServer/]: chris58530 has made the advancement [The Useless Portal]
[191月2024 17:51:45.280] [Server thread/INFO] [net.minecraft.world.entity.LivingEntity/]: Named entity ZombieVillager['Taylor'/117321, l='ServerLevel[world]', x=517.47, y=67.00, z=-2440.46] died: Taylor burned to death
[191月2024 17:51:52.379] [Server thread/INFO] [net.minecraft.world.entity.LivingEntity/]: Named entity ZombieVillager['Albert'/117267, l='ServerLevel[world]', x=517.51, y=67.00, z=-2439.61] died: Albert burned to death
[191月2024 17:59:02.143] [Server thread/INFO] [net.minecraft.server.MinecraftServer/]: chris58530 has reached the goal [Sky's the Limit]
[191月2024 18:03:45.632] [Server thread/INFO] [net.minecraft.world.entity.npc.Villager/]: Villager Villager['Russel'/53282, l='ServerLevel[world]', x=528.49, y=62.55, z=-2423.46] died, message: 'Russel was slain by Zombie'
[191月2024 18:03:45.632] [Server thread/INFO] [net.minecraft.world.entity.LivingEntity/]: Named entity Villager['Russel'/53282, l='ServerLevel[world]', x=528.49, y=62.55, z=-2423.46] died: Russel was slain by Zombie
[191月2024 18:04:32.777] [Server thread/INFO] [net.minecraft.world.entity.LivingEntity/]: Named entity ZombieVillager['Russel'/130129, l='ServerLevel[world]', x=522.30, y=57.27, z=-2459.75] died: Russel was slain by Iron Golem
[191月2024 18:24:21.424] [Worker-Main-925/WARN] [net.minecraft.world.level.levelgen.structure.pools.JigsawPlacement/]: Empty or non-existent pool: minecraft:witch_hut/foundation
[191月2024 18:24:21.424] [Worker-Main-925/WARN] [net.minecraft.world.level.levelgen.structure.pools.JigsawPlacement/]: Empty or non-existent pool: minecraft:witch_hut/foundation
[191月2024 18:24:21.425] [Worker-Main-925/WARN] [net.minecraft.world.level.levelgen.structure.pools.JigsawPlacement/]: Empty or non-existent pool: minecraft:witch_hut/foundation
[191月2024 18:24:21.425] [Worker-Main-925/WARN] [net.minecraft.world.level.levelgen.structure.pools.JigsawPlacement/]: Empty or non-existent pool: minecraft:witch_hut/foundation
[191月2024 18:24:21.426] [Worker-Main-925/WARN] [net.minecraft.world.level.levelgen.structure.pools.JigsawPlacement/]: Empty or non-existent pool: minecraft:witch_hut/foundation
[191月2024 18:24:21.426] [Worker-Main-925/WARN] [net.minecraft.world.level.levelgen.structure.pools.JigsawPlacement/]: Empty or non-existent pool: minecraft:witch_hut/foundation
[191月2024 18:24:21.426] [Worker-Main-925/WARN] [net.minecraft.world.level.levelgen.structure.pools.JigsawPlacement/]: Empty or non-existent pool: minecraft:witch_hut/foundation
[191月2024 18:24:21.426] [Worker-Main-925/WARN] [net.minecraft.world.level.levelgen.structure.pools.JigsawPlacement/]: Empty or non-existent pool: minecraft:witch_hut/foundation
[191月2024 18:24:24.836] [Worker-Main-930/WARN] [net.minecraft.world.level.levelgen.structure.pools.JigsawPlacement/]: Empty or non-existent pool: minecraft:witch_hut/foundation
[191月2024 18:24:24.836] [Worker-Main-930/WARN] [net.minecraft.world.level.levelgen.structure.pools.JigsawPlacement/]: Empty or non-existent pool: minecraft:witch_hut/foundation
[191月2024 18:24:24.837] [Worker-Main-930/WARN] [net.minecraft.world.level.levelgen.structure.pools.JigsawPlacement/]: Empty or non-existent pool: minecraft:witch_hut/foundation
[191月2024 18:24:24.837] [Worker-Main-930/WARN] [net.minecraft.world.level.levelgen.structure.pools.JigsawPlacement/]: Empty or non-existent pool: minecraft:witch_hut/foundation
[191月2024 18:24:24.837] [Worker-Main-930/WARN] [net.minecraft.world.level.levelgen.structure.pools.JigsawPlacement/]: Empty or non-existent pool: minecraft:witch_hut/foundation
[191月2024 18:24:24.838] [Worker-Main-930/WARN] [net.minecraft.world.level.levelgen.structure.pools.JigsawPlacement/]: Empty or non-existent pool: minecraft:witch_hut/foundation
[191月2024 18:24:24.838] [Worker-Main-930/WARN] [net.minecraft.world.level.levelgen.structure.pools.JigsawPlacement/]: Empty or non-existent pool: minecraft:witch_hut/foundation
[191月2024 18:24:24.838] [Worker-Main-930/WARN] [net.minecraft.world.level.levelgen.structure.pools.JigsawPlacement/]: Empty or non-existent pool: minecraft:witch_hut/foundation
[191月2024 18:24:24.838] [Worker-Main-930/WARN] [net.minecraft.world.level.levelgen.structure.pools.JigsawPlacement/]: Empty or non-existent pool: minecraft:witch_hut/foundation
[191月2024 18:24:24.839] [Worker-Main-930/WARN] [net.minecraft.world.level.levelgen.structure.pools.JigsawPlacement/]: Empty or non-existent pool: minecraft:witch_hut/foundation
[191月2024 18:24:24.839] [Worker-Main-930/WARN] [net.minecraft.world.level.levelgen.structure.pools.JigsawPlacement/]: Empty or non-existent pool: minecraft:witch_hut/foundation
[191月2024 18:27:03.028] [Worker-Main-927/ERROR] [net.minecraft.world.level.block.entity.SculkSensorBlockEntity/]: No key selector in MapLike[{event_delay:0,event_distance:0.0f,range:8,source:{pos:[I;-353,-57,-146],type:"minecraft:block"}}]
[191月2024 18:27:06.870] [Server thread/INFO] [net.minecraft.server.MinecraftServer/]: chris58530 has completed the challenge [The Power of the Sun]
[191月2024 18:33:54.778] [Server thread/INFO] [net.minecraft.server.MinecraftServer/]: chris58530 has made the advancement [Ancient Civilization]
[191月2024 18:47:04.313] [Worker-Main-924/WARN] [net.minecraft.server.level.WorldGenRegion/]: Tried to access a block entity before it was created. MutableBlockPos{x=-1991, y=45, z=1995}
[191月2024 18:57:16.306] [Worker-Main-922/WARN] [net.minecraft.server.level.WorldGenRegion/]: Tried to access a block entity before it was created. MutableBlockPos{x=-1181, y=41, z=6855}
[191月2024 18:58:11.778] [Server thread/INFO] [net.minecraft.server.MinecraftServer/]: chris58530 has made the advancement [A Ruined Citadel]
[191月2024 19:05:19.606] [Server thread/INFO] [net.minecraft.server.MinecraftServer/]: chris58530 has made the advancement [Palette Swap]
[191月2024 19:09:27.897] [Worker-Main-931/WARN] [net.minecraft.server.level.WorldGenRegion/]: Tried to access a block entity before it was created. MutableBlockPos{x=-314, y=47, z=7070}
[191月2024 19:18:52.286] [Worker-Main-933/WARN] [net.minecraft.world.level.levelgen.structure.pools.JigsawPlacement/]: Empty or non-existent pool: minecraft:witch_hut/foundation
[191月2024 19:18:52.286] [Worker-Main-933/WARN] [net.minecraft.world.level.levelgen.structure.pools.JigsawPlacement/]: Empty or non-existent pool: minecraft:witch_hut/foundation
[191月2024 19:18:52.287] [Worker-Main-933/WARN] [net.minecraft.world.level.levelgen.structure.pools.JigsawPlacement/]: Empty or non-existent pool: minecraft:witch_hut/foundation
[191月2024 19:18:52.288] [Worker-Main-933/WARN] [net.minecraft.world.level.levelgen.structure.pools.JigsawPlacement/]: Empty or non-existent pool: minecraft:witch_hut/foundation
[191月2024 19:18:52.288] [Worker-Main-933/WARN] [net.minecraft.world.level.levelgen.structure.pools.JigsawPlacement/]: Empty or non-existent pool: minecraft:witch_hut/foundation
[191月2024 19:18:52.288] [Worker-Main-933/WARN] [net.minecraft.world.level.levelgen.structure.pools.JigsawPlacement/]: Empty or non-existent pool: minecraft:witch_hut/foundation
[191月2024 19:18:52.288] [Worker-Main-933/WARN] [net.minecraft.world.level.levelgen.structure.pools.JigsawPlacement/]: Empty or non-existent pool: minecraft:witch_hut/foundation
[191月2024 19:18:52.289] [Worker-Main-933/WARN] [net.minecraft.world.level.levelgen.structure.pools.JigsawPlacement/]: Empty or non-existent pool: minecraft:witch_hut/foundation
[191月2024 19:22:21.179] [Server thread/WARN] [net.minecraft.server.network.ServerGamePacketListenerImpl/]: chris58530 moved wrongly!
[191月2024 19:30:29.125] [Server thread/INFO] [net.minecraft.server.MinecraftServer/]: chris58530 was slain by Radon Sentinel
[191月2024 19:32:17.703] [Server thread/INFO] [net.minecraft.server.MinecraftServer/]: coldwater1020 has reached the goal [Sky's the Limit]
[191月2024 19:51:10.681] [Server thread/INFO] [net.minecraft.server.MinecraftServer/]: chris58530 has reached the goal [You Need a Mint]
[191月2024 19:53:57.928] [Worker-Main-929/WARN] [net.minecraft.server.level.WorldGenRegion/]: Tried to access a block entity before it was created. MutableBlockPos{x=1766, y=48, z=-1204}
[191月2024 19:55:41.129] [User Authenticator #11/INFO] [net.minecraft.server.network.ServerLoginPacketListenerImpl/]: UUID of player DarkcatNeko is 7d1b4f70-7fb4-4b7a-9fd5-c08b68308912
[191月2024 19:55:50.143] [Server thread/INFO] [net.minecraft.server.players.PlayerList/]: DarkcatNeko[/26.69.156.118:8074] logged in with entity id 207414 at (401.1198946237099, 30.0, -2530.048023809013)
[191月2024 19:55:50.144] [Server thread/INFO] [ModdingLegacy/blue_skies/]: Sending ToolHandleTypeManager to DarkcatNeko
[191月2024 19:55:50.145] [Server thread/INFO] [ModdingLegacy/blue_skies/]: Sending SnowcapOvenFreezingManager to DarkcatNeko
[191月2024 19:55:50.145] [Server thread/INFO] [ModdingLegacy/blue_skies/]: Sending HorizoniteForgeFuelManager to DarkcatNeko
[191月2024 19:55:50.145] [Server thread/INFO] [ModdingLegacy/blue_skies/]: Sending AlchemyRecipeManager to DarkcatNeko
[191月2024 19:55:50.146] [Server thread/INFO] [ModdingLegacy/blue_skies/]: Sending JournalEntryManager to DarkcatNeko
[191月2024 19:55:50.147] [Server thread/INFO] [ModdingLegacy/blue_skies/]: Sending JournalSectionManager to DarkcatNeko
[191月2024 19:55:50.147] [Server thread/INFO] [ModdingLegacy/blue_skies/]: Sending JournalRequirementManager to DarkcatNeko
[191月2024 19:55:50.157] [Server thread/INFO] [net.minecraft.server.MinecraftServer/]: DarkcatNeko joined the game
[191月2024 19:55:50.181] [Server thread/INFO] [xaero.pac.OpenPartiesAndClaims/]: Updating all forceload tickets for 7d1b4f70-7fb4-4b7a-9fd5-c08b68308912
[191月2024 19:55:50.462] [Server thread/INFO] [Jade/]: Syncing config to DarkcatNeko (7d1b4f70-7fb4-4b7a-9fd5-c08b68308912)
[191月2024 19:55:51.050] [Server thread/INFO] [ping-wheel/]: [Ping-Wheel] Channel update: DarkcatNeko -> Global
[191月2024 20:06:48.180] [Server thread/INFO] [net.minecraft.server.MinecraftServer/]: DarkcatNeko has reached the goal [Sky's the Limit]
[191月2024 20:11:03.528] [Server thread/INFO] [net.minecraft.server.MinecraftServer/]: <chris58530> -1142 7413
[191月2024 20:19:00.129] [Server thread/INFO] [net.minecraft.server.MinecraftServer/]: DarkcatNeko has made the advancement [A Ruined Citadel]
[191月2024 20:22:43.130] [Server thread/INFO] [net.minecraft.server.network.ServerGamePacketListenerImpl/]: coldwater1020 lost connection: Disconnected
[191月2024 20:22:43.130] [Server thread/INFO] [net.minecraft.server.MinecraftServer/]: coldwater1020 left the game
[191月2024 20:22:43.131] [Server thread/INFO] [xaero.pac.OpenPartiesAndClaims/]: Updating all forceload tickets for abdd3149-7c93-422e-90e2-42472a7fb55a
[191月2024 20:22:52.278] [Server thread/INFO] [net.minecraft.server.network.ServerGamePacketListenerImpl/]: chris58530 lost connection: Disconnected
[191月2024 20:22:52.279] [Server thread/INFO] [net.minecraft.server.MinecraftServer/]: chris58530 left the game
[191月2024 20:22:52.279] [Server thread/INFO] [xaero.pac.OpenPartiesAndClaims/]: Updating all forceload tickets for 7dd8d4d4-962b-4ff9-94a7-b7c29486df5c
[191月2024 20:24:17.430] [Server thread/INFO] [net.minecraft.server.network.ServerGamePacketListenerImpl/]: DarkcatNeko lost connection: Disconnected
[191月2024 20:24:17.430] [Server thread/INFO] [net.minecraft.server.MinecraftServer/]: DarkcatNeko left the game
[191月2024 20:24:17.431] [Server thread/INFO] [xaero.pac.OpenPartiesAndClaims/]: Updating all forceload tickets for 7d1b4f70-7fb4-4b7a-9fd5-c08b68308912
[191月2024 20:24:25.607] [Server thread/INFO] [net.minecraft.server.MinecraftServer/]: Stopping the server
[191月2024 20:24:25.659] [Server thread/INFO] [net.minecraft.server.MinecraftServer/]: Stopping server
[191月2024 20:24:25.659] [Server thread/INFO] [net.minecraft.server.MinecraftServer/]: Saving players
[191月2024 20:24:25.659] [Server thread/INFO] [net.minecraft.server.MinecraftServer/]: Saving worlds
[191月2024 20:24:25.699] [Server thread/INFO] [net.minecraft.server.MinecraftServer/]: Saving chunks for level 'ServerLevel[world]'/minecraft:overworld
[191月2024 20:24:25.745] [Server thread/INFO] [net.minecraft.server.MinecraftServer/]: Saving chunks for level 'ServerLevel[world]'/twilightforest:twilight_forest
[191月2024 20:24:25.747] [Server thread/INFO] [net.minecraft.server.MinecraftServer/]: Saving chunks for level 'ServerLevel[world]'/blue_skies:everdawn
[191月2024 20:24:25.748] [Server thread/INFO] [net.minecraft.server.MinecraftServer/]: Saving chunks for level 'ServerLevel[world]'/minecraft:the_nether
[191月2024 20:24:25.749] [Server thread/INFO] [net.minecraft.server.MinecraftServer/]: Saving chunks for level 'ServerLevel[world]'/minecraft:the_end
[191月2024 20:24:25.886] [Server thread/INFO] [net.minecraft.server.MinecraftServer/]: Saving chunks for level 'ServerLevel[world]'/deeperdarker:otherside
[191月2024 20:24:25.887] [Server thread/INFO] [net.minecraft.server.MinecraftServer/]: Saving chunks for level 'ServerLevel[world]'/aether:the_aether
[191月2024 20:24:25.888] [Server thread/INFO] [net.minecraft.server.MinecraftServer/]: Saving chunks for level 'ServerLevel[world]'/blue_skies:everbright
[191月2024 20:24:25.970] [Server thread/INFO] [net.minecraft.server.MinecraftServer/]: ThreadedAnvilChunkStorage (world): All chunks are saved
[191月2024 20:24:25.970] [Server thread/INFO] [net.minecraft.server.MinecraftServer/]: ThreadedAnvilChunkStorage (twilight_forest): All chunks are saved
[191月2024 20:24:25.971] [Server thread/INFO] [net.minecraft.server.MinecraftServer/]: ThreadedAnvilChunkStorage (everdawn): All chunks are saved
[191月2024 20:24:25.971] [Server thread/INFO] [net.minecraft.server.MinecraftServer/]: ThreadedAnvilChunkStorage (DIM-1): All chunks are saved
[191月2024 20:24:25.971] [Server thread/INFO] [net.minecraft.server.MinecraftServer/]: ThreadedAnvilChunkStorage (DIM1): All chunks are saved
[191月2024 20:24:25.972] [Server thread/INFO] [net.minecraft.server.MinecraftServer/]: ThreadedAnvilChunkStorage (otherside): All chunks are saved
[191月2024 20:24:25.972] [Server thread/INFO] [net.minecraft.server.MinecraftServer/]: ThreadedAnvilChunkStorage (the_aether): All chunks are saved
[191月2024 20:24:25.972] [Server thread/INFO] [net.minecraft.server.MinecraftServer/]: ThreadedAnvilChunkStorage (everbright): All chunks are saved
[191月2024 20:24:25.973] [Server thread/INFO] [net.minecraft.server.MinecraftServer/]: ThreadedAnvilChunkStorage: All dimensions are saved
[191月2024 20:24:26.380] [Server thread/INFO] [xaero.pac.OpenPartiesAndClaims/]: Stopping IO worker...
[191月2024 20:24:26.388] [Server thread/INFO] [xaero.pac.OpenPartiesAndClaims/]: Stopped IO worker!
[191月2024 20:24:26.388] [Server thread/INFO] [Framework/]: Unloading server configs...
[191月2024 20:24:26.389] [Server thread/INFO] [Framework/]: Sending config unload event for backpacked-server.toml
